<?xml version="1.0" encoding="UTF-8"?>
<!-- Generated by org.testng.reporters.JUnitXMLReporter -->
<testsuite ignored="0" hostname="SANKET" failures="0" tests="3" name="Default test" time="40.26" errors="0" timestamp="2023-04-17T18:56:10 IST">
  <testcase classname="com.blz.QA.Automation.Fb_Login_FramesWork_Test$FaceBook_Login" name="faceBook_Login" time="14.997"/>
  <testcase classname="com.blz.QA.Automation.Fb_Login_FramesWork_Test$FaceBook_Login" name="faceBook_Login" time="9.769"/>
  <testcase classname="com.blz.QA.Automation.Fb_Login_FramesWork_Test$FaceBook_Login" name="faceBook_Login" time="9.594"/>
</testsuite> <!-- Default test -->
